{
  "stats": {
    "suites": 10,
    "tests": 28,
    "passes": 27,
    "pending": 0,
    "failures": 1,
    "start": "2019-01-08T10:28:01.126Z",
    "end": "2019-01-08T10:28:03.571Z",
    "duration": 2445,
    "testsRegistered": 28,
    "passPercent": 96.4,
    "pendingPercent": 0,
    "other": 0,
    "hasOther": false,
    "skipped": 0,
    "hasSkipped": false,
    "passPercentClass": "success",
    "pendingPercentClass": "danger"
  },
  "suites": {
    "uuid": "7ab8c586-776e-4ae3-8d5f-848eed640069",
    "title": "",
    "fullFile": "",
    "file": "",
    "beforeHooks": [],
    "afterHooks": [],
    "tests": [],
    "suites": [
      {
        "uuid": "9939ef5f-9acd-441b-a2e3-3c43c7addd04",
        "title": "onBlur_username测试",
        "fullFile": "D:\\软件测试\\期末项目\\timeline-software-testing\\timeline-frontend\\test\\log.test.js",
        "file": "\\test\\log.test.js",
        "beforeHooks": [],
        "afterHooks": [],
        "tests": [
          {
            "title": "元素register隐藏且login-username未输入时应返回false且login-username-reminder应设为请输入用户名",
            "fullTitle": "onBlur_username测试 元素register隐藏且login-username未输入时应返回false且login-username-reminder应设为请输入用户名",
            "timedOut": false,
            "duration": 6,
            "state": "passed",
            "speed": "fast",
            "pass": true,
            "fail": false,
            "pending": false,
            "code": "document.getElementById('register').classList.add('hide');\nvar result = onBlur_username();\nexpect(result).to.be.equal(false);\nexpect(document.getElementById('login-username-reminder').innerHTML).to.be.equal(\"请输入用户名\");",
            "err": {},
            "isRoot": false,
            "uuid": "9611a34a-6b0c-4637-8987-ed75456f3452",
            "isHook": false,
            "skipped": false
          },
          {
            "title": "元素register隐藏且login-username已输入时应返回true且login-username-reminder应设为空字符串",
            "fullTitle": "onBlur_username测试 元素register隐藏且login-username已输入时应返回true且login-username-reminder应设为空字符串",
            "timedOut": false,
            "duration": 0,
            "state": "passed",
            "speed": "fast",
            "pass": true,
            "fail": false,
            "pending": false,
            "code": "document.getElementById('register').classList.add('hide');\ndocument.getElementById('login-username').value = 'yzd';\nvar result = onBlur_username();\nexpect(result).to.be.equal(true);\nexpect(document.getElementById('login-username-reminder').innerHTML).to.be.equal(\"\");",
            "err": {},
            "isRoot": false,
            "uuid": "9eed998c-1bd2-4a0a-b2ec-3e1a9106f71e",
            "isHook": false,
            "skipped": false
          },
          {
            "title": "元素register未隐藏且register-username未输入时应返回false且register-username-reminder应设为请输入用户名",
            "fullTitle": "onBlur_username测试 元素register未隐藏且register-username未输入时应返回false且register-username-reminder应设为请输入用户名",
            "timedOut": false,
            "duration": 0,
            "state": "passed",
            "speed": "fast",
            "pass": true,
            "fail": false,
            "pending": false,
            "code": "document.getElementById('register').classList.remove('hide');\nvar result = onBlur_username();\nexpect(result).to.be.equal(false);\nexpect(document.getElementById('register-username-reminder').innerHTML).to.be.equal(\"请输入用户名\");",
            "err": {},
            "isRoot": false,
            "uuid": "1288d8e7-77ed-4a58-b966-f23eece3d150",
            "isHook": false,
            "skipped": false
          },
          {
            "title": "元素register未隐藏且register-username已输入时应返回true且register-username-reminder应设为空字符串",
            "fullTitle": "onBlur_username测试 元素register未隐藏且register-username已输入时应返回true且register-username-reminder应设为空字符串",
            "timedOut": false,
            "duration": 0,
            "state": "passed",
            "speed": "fast",
            "pass": true,
            "fail": false,
            "pending": false,
            "code": "document.getElementById('register').classList.remove('hide');\ndocument.getElementById('register-username').value = 'yzd';\nvar result = onBlur_username();\nexpect(result).to.be.equal(true);\nexpect(document.getElementById('register-username-reminder').innerHTML).to.be.equal(\"\");",
            "err": {},
            "isRoot": false,
            "uuid": "9c3f311b-e415-46f2-bbde-08855422431c",
            "isHook": false,
            "skipped": false
          }
        ],
        "suites": [],
        "passes": [
          "9611a34a-6b0c-4637-8987-ed75456f3452",
          "9eed998c-1bd2-4a0a-b2ec-3e1a9106f71e",
          "1288d8e7-77ed-4a58-b966-f23eece3d150",
          "9c3f311b-e415-46f2-bbde-08855422431c"
        ],
        "failures": [],
        "pending": [],
        "skipped": [],
        "duration": 6,
        "root": false,
        "rootEmpty": false,
        "_timeout": 10000
      },
      {
        "uuid": "f9b7d110-c0cf-424c-9647-c8ae9d62b1ed",
        "title": "onBlur_pwd测试",
        "fullFile": "D:\\软件测试\\期末项目\\timeline-software-testing\\timeline-frontend\\test\\log.test.js",
        "file": "\\test\\log.test.js",
        "beforeHooks": [],
        "afterHooks": [],
        "tests": [
          {
            "title": "元素register隐藏且login-pwd未输入时应返回false且login-pwd-reminder应设为请输入密码",
            "fullTitle": "onBlur_pwd测试 元素register隐藏且login-pwd未输入时应返回false且login-pwd-reminder应设为请输入密码",
            "timedOut": false,
            "duration": 2,
            "state": "passed",
            "speed": "fast",
            "pass": true,
            "fail": false,
            "pending": false,
            "code": "document.getElementById('register').classList.add('hide');\nvar result = onBlur_pwd();\nexpect(result).to.be.equal(false);\nexpect(document.getElementById('login-pwd-reminder').innerHTML).to.be.equal(\"请输入密码\");",
            "err": {},
            "isRoot": false,
            "uuid": "6e058fa3-e547-4edf-afe9-283410ebc8a7",
            "isHook": false,
            "skipped": false
          },
          {
            "title": "元素register隐藏且login-pwd已输入时应返回true且login-pwd-reminder应设为空字符串",
            "fullTitle": "onBlur_pwd测试 元素register隐藏且login-pwd已输入时应返回true且login-pwd-reminder应设为空字符串",
            "timedOut": false,
            "duration": 0,
            "state": "passed",
            "speed": "fast",
            "pass": true,
            "fail": false,
            "pending": false,
            "code": "document.getElementById('register').classList.add('hide');\ndocument.getElementById('login-pwd').value = 'yzd';\nvar result = onBlur_pwd();\nexpect(result).to.be.equal(true);\nexpect(document.getElementById('login-pwd-reminder').innerHTML).to.be.equal(\"\");",
            "err": {},
            "isRoot": false,
            "uuid": "d37b7f40-b140-47b8-b116-f2adea3d966b",
            "isHook": false,
            "skipped": false
          },
          {
            "title": "元素register未隐藏且register-pwd未输入时应返回false且register-pwd-reminder应设为请输入密码",
            "fullTitle": "onBlur_pwd测试 元素register未隐藏且register-pwd未输入时应返回false且register-pwd-reminder应设为请输入密码",
            "timedOut": false,
            "duration": 0,
            "state": "passed",
            "speed": "fast",
            "pass": true,
            "fail": false,
            "pending": false,
            "code": "document.getElementById('register').classList.remove('hide');\nvar result = onBlur_pwd();\nexpect(result).to.be.equal(false);\nexpect(document.getElementById('register-pwd-reminder').innerHTML).to.be.equal(\"请输入密码\");",
            "err": {},
            "isRoot": false,
            "uuid": "c9cf8266-6b6e-4889-89c9-18c9a2437ecc",
            "isHook": false,
            "skipped": false
          },
          {
            "title": "元素register未隐藏且register-pwd已输入时应返回true且register-pwd-reminder应设为空字符串",
            "fullTitle": "onBlur_pwd测试 元素register未隐藏且register-pwd已输入时应返回true且register-pwd-reminder应设为空字符串",
            "timedOut": false,
            "duration": 0,
            "state": "passed",
            "speed": "fast",
            "pass": true,
            "fail": false,
            "pending": false,
            "code": "document.getElementById('register').classList.remove('hide');\ndocument.getElementById('register-pwd').value = 'yzd';\nvar result = onBlur_pwd();\nexpect(result).to.be.equal(true);\nexpect(document.getElementById('register-pwd-reminder').innerHTML).to.be.equal(\"\");",
            "err": {},
            "isRoot": false,
            "uuid": "638b6aaf-8878-4be7-b3a9-058ae2d88d08",
            "isHook": false,
            "skipped": false
          }
        ],
        "suites": [],
        "passes": [
          "6e058fa3-e547-4edf-afe9-283410ebc8a7",
          "d37b7f40-b140-47b8-b116-f2adea3d966b",
          "c9cf8266-6b6e-4889-89c9-18c9a2437ecc",
          "638b6aaf-8878-4be7-b3a9-058ae2d88d08"
        ],
        "failures": [],
        "pending": [],
        "skipped": [],
        "duration": 2,
        "root": false,
        "rootEmpty": false,
        "_timeout": 10000
      },
      {
        "uuid": "b28a761d-e349-4d9f-8cae-2e609839f6ac",
        "title": "onBlur_confirm_pwd测试",
        "fullFile": "D:\\软件测试\\期末项目\\timeline-software-testing\\timeline-frontend\\test\\log.test.js",
        "file": "\\test\\log.test.js",
        "beforeHooks": [],
        "afterHooks": [],
        "tests": [
          {
            "title": "register-confirm-pwd未输入时应返回false且confirm-pwd-reminder应设为请再输入一遍密码！",
            "fullTitle": "onBlur_confirm_pwd测试 register-confirm-pwd未输入时应返回false且confirm-pwd-reminder应设为请再输入一遍密码！",
            "timedOut": false,
            "duration": 2,
            "state": "passed",
            "speed": "fast",
            "pass": true,
            "fail": false,
            "pending": false,
            "code": "var result = onBlur_confirm_pwd();\nexpect(result).to.be.equal(false);\nexpect(document.getElementById('confirm-pwd-reminder').innerHTML).to.be.equal(\"请再输入一遍密码！\");",
            "err": {},
            "isRoot": false,
            "uuid": "6f980e6e-905f-42c8-87bd-2a46b47339b3",
            "isHook": false,
            "skipped": false
          },
          {
            "title": "register-confirm-pwd已输入但与register-pwd不同时应返回false且confirm-pwd-reminder应设为两次输入密码不一致",
            "fullTitle": "onBlur_confirm_pwd测试 register-confirm-pwd已输入但与register-pwd不同时应返回false且confirm-pwd-reminder应设为两次输入密码不一致",
            "timedOut": false,
            "duration": 1,
            "state": "passed",
            "speed": "fast",
            "pass": true,
            "fail": false,
            "pending": false,
            "code": "document.getElementById('register-pwd').value = 'yzd';\ndocument.getElementById('register-confirm-pwd').value = 'yzd2';\nvar result = onBlur_confirm_pwd();\nexpect(result).to.be.equal(false);\nexpect(document.getElementById('confirm-pwd-reminder').innerHTML).to.be.equal(\"两次输入密码不一致\");",
            "err": {},
            "isRoot": false,
            "uuid": "3fcf99f6-bb92-4a62-8538-5c4cb1f2709d",
            "isHook": false,
            "skipped": false
          },
          {
            "title": "register-confirm-pwd已输入且与register-pwd相同时应返回true且confirm-pwd-reminder应设为空字符串",
            "fullTitle": "onBlur_confirm_pwd测试 register-confirm-pwd已输入且与register-pwd相同时应返回true且confirm-pwd-reminder应设为空字符串",
            "timedOut": false,
            "duration": 0,
            "state": "passed",
            "speed": "fast",
            "pass": true,
            "fail": false,
            "pending": false,
            "code": "document.getElementById('register-pwd').value = 'yzd';\ndocument.getElementById('register-confirm-pwd').value = 'yzd';\nvar result = onBlur_confirm_pwd();\nexpect(result).to.be.equal(true);\nexpect(document.getElementById('confirm-pwd-reminder').innerHTML).to.be.equal(\"\");",
            "err": {},
            "isRoot": false,
            "uuid": "8932c6c0-dd6a-4860-8f65-284180e73919",
            "isHook": false,
            "skipped": false
          }
        ],
        "suites": [],
        "passes": [
          "6f980e6e-905f-42c8-87bd-2a46b47339b3",
          "3fcf99f6-bb92-4a62-8538-5c4cb1f2709d",
          "8932c6c0-dd6a-4860-8f65-284180e73919"
        ],
        "failures": [],
        "pending": [],
        "skipped": [],
        "duration": 3,
        "root": false,
        "rootEmpty": false,
        "_timeout": 10000
      },
      {
        "uuid": "1aa80579-9e80-41ae-ae7d-2ff69c3a31d3",
        "title": "refresh测试",
        "fullFile": "D:\\软件测试\\期末项目\\timeline-software-testing\\timeline-frontend\\test\\timeline.test.js",
        "file": "\\test\\timeline.test.js",
        "beforeHooks": [],
        "afterHooks": [],
        "tests": [
          {
            "title": "li元素数量应大于6，第6条li应未被隐藏，第7条li应被隐藏，bt-load应未被隐藏",
            "fullTitle": "refresh测试 li元素数量应大于6，第6条li应未被隐藏，第7条li应被隐藏，bt-load应未被隐藏",
            "timedOut": false,
            "duration": 2166,
            "state": "passed",
            "speed": "slow",
            "pass": true,
            "fail": false,
            "pending": false,
            "code": "refresh();\nvar list = $(\"#timelines\");\nvar count = ($(\"li\").length);\nexpect(count).to.be.above(6);\nexpect(list.children(\"li:eq(5)\").hasClass(\"hide\")).to.be.equal(false);\nexpect(list.children(\"li:eq(6)\").hasClass(\"hide\")).to.be.equal(true);\nexpect(document.getElementById('bt-load').classList.contains('hide')).to.be.equal(false);",
            "err": {},
            "isRoot": false,
            "uuid": "0ec66bbe-c22b-4f5a-915d-389742e8fdde",
            "isHook": false,
            "skipped": false
          }
        ],
        "suites": [],
        "passes": [
          "0ec66bbe-c22b-4f5a-915d-389742e8fdde"
        ],
        "failures": [],
        "pending": [],
        "skipped": [],
        "duration": 2166,
        "root": false,
        "rootEmpty": false,
        "_timeout": 10000
      },
      {
        "uuid": "1b9dc199-bd2f-4dcf-82cf-0f3f26c97f08",
        "title": "showMore测试",
        "fullFile": "D:\\软件测试\\期末项目\\timeline-software-testing\\timeline-frontend\\test\\timeline.test.js",
        "file": "\\test\\timeline.test.js",
        "beforeHooks": [],
        "afterHooks": [],
        "tests": [
          {
            "title": "第7个子元素隐藏时应将所有子元素取消隐藏且bt-load显示收起",
            "fullTitle": "showMore测试 第7个子元素隐藏时应将所有子元素取消隐藏且bt-load显示收起",
            "timedOut": false,
            "duration": 5,
            "state": "passed",
            "speed": "fast",
            "pass": true,
            "fail": false,
            "pending": false,
            "code": "var list = document.getElementById('timelines').childNodes;\nvar len = list.length;\nlist.item(6).classList.add('hide');\nshowMore();\nexpect($(\"#timelines\").children(\"li\").hasClass('hide')).to.be.equal(false);\nexpect($('#bt-load').text()).to.be.equal(\"收起\");",
            "err": {},
            "isRoot": false,
            "uuid": "db1bb82e-ccbd-4607-8bb4-3c484daa3bf1",
            "isHook": false,
            "skipped": false
          },
          {
            "title": "第7个子元素未隐藏时应将第7个及之后的子元素隐藏且bt-load显示更多...",
            "fullTitle": "showMore测试 第7个子元素未隐藏时应将第7个及之后的子元素隐藏且bt-load显示更多...",
            "timedOut": false,
            "duration": 3,
            "state": "passed",
            "speed": "fast",
            "pass": true,
            "fail": false,
            "pending": false,
            "code": "var list = document.getElementById('timelines').childNodes;\nvar len = list.length;\nlist.item(6).classList.remove('hide');\nshowMore();\nexpect($(\"#timelines\").children(\"li:eq(6)\").hasClass('hide')).to.be.equal(true);\nexpect($(\"#timelines\").children(\"li:last-child\").hasClass('hide')).to.be.equal(true)\nexpect($('#bt-load').text()).to.be.equal(\"更多...\");",
            "err": {},
            "isRoot": false,
            "uuid": "62425e01-2a6d-4ac6-be82-ae5f2deb6954",
            "isHook": false,
            "skipped": false
          }
        ],
        "suites": [],
        "passes": [
          "db1bb82e-ccbd-4607-8bb4-3c484daa3bf1",
          "62425e01-2a6d-4ac6-be82-ae5f2deb6954"
        ],
        "failures": [],
        "pending": [],
        "skipped": [],
        "duration": 8,
        "root": false,
        "rootEmpty": false,
        "_timeout": 10000
      },
      {
        "uuid": "712816d1-c862-4720-a1d9-ca8521511fc9",
        "title": "getCookie测试",
        "fullFile": "D:\\软件测试\\期末项目\\timeline-software-testing\\timeline-frontend\\test\\util\\cookie.test.js",
        "file": "\\test\\util\\cookie.test.js",
        "beforeHooks": [
          {
            "title": "\"before each\" hook",
            "fullTitle": "getCookie测试 \"before each\" hook",
            "timedOut": false,
            "duration": 2,
            "pass": false,
            "fail": false,
            "pending": false,
            "code": "//清空所有cookie\nvar cookies = document.cookie.split(\";\");\nfor (var i = 0; i < cookies.length; i++) {\n    var cookie = cookies[i];\n    var eqPos = cookie.indexOf(\"=\");\n    var name = eqPos > -1 ? cookie.substr(0, eqPos) : cookie;\n    document.cookie = name + \"=;expires=Thu, 01 Jan 1970 00:00:00 GMT; path=/\";\n}",
            "err": {},
            "isRoot": false,
            "uuid": "b772179c-4793-42e5-b396-35375dd7708c",
            "isHook": true,
            "skipped": false
          }
        ],
        "afterHooks": [],
        "tests": [
          {
            "title": "未设置cookie时应返回空字符串",
            "fullTitle": "getCookie测试 未设置cookie时应返回空字符串",
            "timedOut": false,
            "duration": 4,
            "state": "passed",
            "speed": "fast",
            "pass": true,
            "fail": false,
            "pending": false,
            "code": "var cookie = getCookie();\nexpect(cookie).to.be.equal('');",
            "err": {},
            "isRoot": false,
            "uuid": "cbdb6144-819c-4dd8-8128-60de1bbe3a95",
            "isHook": false,
            "skipped": false
          },
          {
            "title": "设置了cookie但其中没有user时应返回空字符串",
            "fullTitle": "getCookie测试 设置了cookie但其中没有user时应返回空字符串",
            "timedOut": false,
            "duration": 2,
            "state": "passed",
            "speed": "fast",
            "pass": true,
            "fail": false,
            "pending": false,
            "code": "document.cookie = \"name=test\";\ndocument.cookie = \"time=now\";\nvar cookie = getCookie();\nexpect(cookie).to.be.equal('');",
            "err": {},
            "isRoot": false,
            "uuid": "2c1b3654-d66f-4d70-8315-d9061466bff3",
            "isHook": false,
            "skipped": false
          },
          {
            "title": "设置了多个cookie且其中有user时应返回user内容",
            "fullTitle": "getCookie测试 设置了多个cookie且其中有user时应返回user内容",
            "timedOut": false,
            "duration": 1,
            "state": "passed",
            "speed": "fast",
            "pass": true,
            "fail": false,
            "pending": false,
            "code": "document.cookie = \"name=test\";\ndocument.cookie = \"time=now\";\ndocument.cookie = \"user=yzd\";\nvar cookie = getCookie();\nexpect(cookie).to.be.equal('yzd');",
            "err": {},
            "isRoot": false,
            "uuid": "d62f591b-30ca-497e-947b-80e2ef0862d8",
            "isHook": false,
            "skipped": false
          }
        ],
        "suites": [],
        "passes": [
          "cbdb6144-819c-4dd8-8128-60de1bbe3a95",
          "2c1b3654-d66f-4d70-8315-d9061466bff3",
          "d62f591b-30ca-497e-947b-80e2ef0862d8"
        ],
        "failures": [],
        "pending": [],
        "skipped": [],
        "duration": 7,
        "root": false,
        "rootEmpty": false,
        "_timeout": 10000
      },
      {
        "uuid": "ac61e059-4c88-4cd5-8b49-cdbb4a1bf4fe",
        "title": "setCookie测试",
        "fullFile": "D:\\软件测试\\期末项目\\timeline-software-testing\\timeline-frontend\\test\\util\\cookie.test.js",
        "file": "\\test\\util\\cookie.test.js",
        "beforeHooks": [
          {
            "title": "\"before all\" hook",
            "fullTitle": "setCookie测试 \"before all\" hook",
            "timedOut": false,
            "duration": 2,
            "pass": false,
            "fail": false,
            "pending": false,
            "code": "//清空所有cookie\nvar cookies = document.cookie.split(\";\");\nfor (var i = 0; i < cookies.length; i++) {\n    var cookie = cookies[i];\n    var eqPos = cookie.indexOf(\"=\");\n    var name = eqPos > -1 ? cookie.substr(0, eqPos) : cookie;\n    document.cookie = name + \"=;expires=Thu, 01 Jan 1970 00:00:00 GMT; path=/\";\n}",
            "err": {},
            "isRoot": false,
            "uuid": "86802581-e88f-42b0-8bc4-e28049abd7fb",
            "isHook": true,
            "skipped": false
          }
        ],
        "afterHooks": [],
        "tests": [
          {
            "title": "setCookie后cookie中user应正确设置",
            "fullTitle": "setCookie测试 setCookie后cookie中user应正确设置",
            "timedOut": false,
            "duration": 2,
            "state": "passed",
            "speed": "fast",
            "pass": true,
            "fail": false,
            "pending": false,
            "code": "setCookie('yzd');\nvar user;\nvar name = \"user=\";\nvar ca = document.cookie.split(';');\nfor(var i = 0; i < ca.length; i++) {\n    var c = ca[i].trim();\n    if (c.indexOf(name) === 0) {\n        user =  c.substring(name.length, c.length);\n    }\n}\nexpect(user).to.be.equal('yzd');",
            "err": {},
            "isRoot": false,
            "uuid": "da296ffb-f5cc-4fa5-80f8-a5c1e0901289",
            "isHook": false,
            "skipped": false
          }
        ],
        "suites": [],
        "passes": [
          "da296ffb-f5cc-4fa5-80f8-a5c1e0901289"
        ],
        "failures": [],
        "pending": [],
        "skipped": [],
        "duration": 2,
        "root": false,
        "rootEmpty": false,
        "_timeout": 10000
      },
      {
        "uuid": "cf268614-c61b-455d-bddb-444ade5e061f",
        "title": "clearCookie测试",
        "fullFile": "D:\\软件测试\\期末项目\\timeline-software-testing\\timeline-frontend\\test\\util\\cookie.test.js",
        "file": "\\test\\util\\cookie.test.js",
        "beforeHooks": [
          {
            "title": "\"before all\" hook",
            "fullTitle": "clearCookie测试 \"before all\" hook",
            "timedOut": false,
            "duration": 0,
            "pass": false,
            "fail": false,
            "pending": false,
            "code": "document.cookie = \"user=yzd\";",
            "err": {},
            "isRoot": false,
            "uuid": "388a0780-ad82-44c7-860b-699cb4d428a7",
            "isHook": true,
            "skipped": false
          }
        ],
        "afterHooks": [],
        "tests": [
          {
            "title": "clearCookie后cookie中应不含user",
            "fullTitle": "clearCookie测试 clearCookie后cookie中应不含user",
            "timedOut": false,
            "duration": 4,
            "state": "failed",
            "pass": false,
            "fail": true,
            "pending": false,
            "code": "clearCookie();\nvar user = '';\nvar name = \"user=\";\nvar ca = document.cookie.split(';');\nfor(var i = 0; i < ca.length; i++) {\n    var c = ca[i].trim();\n    if (c.indexOf(name) === 0) {\n        user = c.substring(name.length, c.length);\n    }\n}\nexpect(user).to.be.equal('');",
            "err": {
              "message": "AssertionError: expected 'yzd' to equal ''",
              "estack": "AssertionError: expected 'yzd' to equal ''\n    at Context.<anonymous> (test\\util\\cookie.test.js:86:28)",
              "diff": "- yzd\n"
            },
            "isRoot": false,
            "uuid": "a90b9aa4-5c99-4054-9938-03c017bf54ca",
            "isHook": false,
            "skipped": false
          }
        ],
        "suites": [],
        "passes": [],
        "failures": [
          "a90b9aa4-5c99-4054-9938-03c017bf54ca"
        ],
        "pending": [],
        "skipped": [],
        "duration": 4,
        "root": false,
        "rootEmpty": false,
        "_timeout": 10000
      },
      {
        "uuid": "06a77ac1-d83e-42d8-b6c9-cec15aff2c1d",
        "title": "checkCookie测试",
        "fullFile": "D:\\软件测试\\期末项目\\timeline-software-testing\\timeline-frontend\\test\\util\\cookie.test.js",
        "file": "\\test\\util\\cookie.test.js",
        "beforeHooks": [
          {
            "title": "\"before all\" hook",
            "fullTitle": "checkCookie测试 \"before all\" hook",
            "timedOut": false,
            "duration": 2,
            "pass": false,
            "fail": false,
            "pending": false,
            "code": "//清空所有cookie\nvar cookies = document.cookie.split(\";\");\nfor (var i = 0; i < cookies.length; i++) {\n    var cookie = cookies[i];\n    var eqPos = cookie.indexOf(\"=\");\n    var name = eqPos > -1 ? cookie.substr(0, eqPos) : cookie;\n    document.cookie = name + \"=;expires=Thu, 01 Jan 1970 00:00:00 GMT; path=/\";\n}",
            "err": {},
            "isRoot": false,
            "uuid": "2a5bd9f3-9105-42f3-823b-2892b7fcc77e",
            "isHook": true,
            "skipped": false
          }
        ],
        "afterHooks": [],
        "tests": [
          {
            "title": "cookie中无user时log-status内应设置为登录",
            "fullTitle": "checkCookie测试 cookie中无user时log-status内应设置为登录",
            "timedOut": false,
            "duration": 1,
            "state": "passed",
            "speed": "fast",
            "pass": true,
            "fail": false,
            "pending": false,
            "code": "checkCookie();\nexpect(document.getElementById('log-status').innerText).to.be.equal('登录');",
            "err": {},
            "isRoot": false,
            "uuid": "de744a83-6396-458e-a14e-0957ff7c332b",
            "isHook": false,
            "skipped": false
          },
          {
            "title": "cookie中有user时log-status内应设置为user内容",
            "fullTitle": "checkCookie测试 cookie中有user时log-status内应设置为user内容",
            "timedOut": false,
            "duration": 3,
            "state": "passed",
            "speed": "fast",
            "pass": true,
            "fail": false,
            "pending": false,
            "code": "document.cookie = \"user=yzd\";\ncheckCookie();\nexpect(document.getElementById('log-status').innerText).to.be.equal('yzd');",
            "err": {},
            "isRoot": false,
            "uuid": "c1cc5457-b14e-4b58-a995-d7b5dcb1754f",
            "isHook": false,
            "skipped": false
          }
        ],
        "suites": [],
        "passes": [
          "de744a83-6396-458e-a14e-0957ff7c332b",
          "c1cc5457-b14e-4b58-a995-d7b5dcb1754f"
        ],
        "failures": [],
        "pending": [],
        "skipped": [],
        "duration": 4,
        "root": false,
        "rootEmpty": false,
        "_timeout": 10000
      },
      {
        "uuid": "5f541010-d9ef-4ba1-ab6d-e097d9b5774b",
        "title": "timeTrans测试",
        "fullFile": "D:\\软件测试\\期末项目\\timeline-software-testing\\timeline-frontend\\test\\util\\timeline-item.test.js",
        "file": "\\test\\util\\timeline-item.test.js",
        "beforeHooks": [],
        "afterHooks": [],
        "tests": [
          {
            "title": "输入距现在一分钟内的时间戳应返回刚刚",
            "fullTitle": "timeTrans测试 输入距现在一分钟内的时间戳应返回刚刚",
            "timedOut": false,
            "duration": 0,
            "state": "passed",
            "speed": "fast",
            "pass": true,
            "fail": false,
            "pending": false,
            "code": "var time = new Date().getTime();\nvar result = timeTrans(time);\nexpect(result).to.be.equal('刚刚');",
            "err": {},
            "isRoot": false,
            "uuid": "cb17982d-fac0-4d4a-8390-55ed3600d111",
            "isHook": false,
            "skipped": false
          },
          {
            "title": "输入距现在30分钟到31分钟的时间戳应返回30分钟前",
            "fullTitle": "timeTrans测试 输入距现在30分钟到31分钟的时间戳应返回30分钟前",
            "timedOut": false,
            "duration": 0,
            "state": "passed",
            "speed": "fast",
            "pass": true,
            "fail": false,
            "pending": false,
            "code": "var time = new Date().getTime() - 30*60*1000;\nvar result = timeTrans(time);\nexpect(result).to.be.equal('30分钟前');",
            "err": {},
            "isRoot": false,
            "uuid": "4291d18c-bd96-4dbe-9d30-3e720a9f92f9",
            "isHook": false,
            "skipped": false
          },
          {
            "title": "输入距现在2小时到3小时的时间戳应返回2小时前",
            "fullTitle": "timeTrans测试 输入距现在2小时到3小时的时间戳应返回2小时前",
            "timedOut": false,
            "duration": 0,
            "state": "passed",
            "speed": "fast",
            "pass": true,
            "fail": false,
            "pending": false,
            "code": "var time = new Date().getTime() - 2*60*60*1000;\nvar result = timeTrans(time);\nexpect(result).to.be.equal('2小时前');",
            "err": {},
            "isRoot": false,
            "uuid": "75edd8c6-cebc-4bd5-8d16-a53bc2124e95",
            "isHook": false,
            "skipped": false
          },
          {
            "title": "输入距现在2天到3天的时间戳应返回2天前",
            "fullTitle": "timeTrans测试 输入距现在2天到3天的时间戳应返回2天前",
            "timedOut": false,
            "duration": 0,
            "state": "passed",
            "speed": "fast",
            "pass": true,
            "fail": false,
            "pending": false,
            "code": "var time = new Date().getTime() - 2*24*60*60*1000;\nvar result = timeTrans(time);\nexpect(result).to.be.equal('2天前');",
            "err": {},
            "isRoot": false,
            "uuid": "404adccc-785b-4caf-9f0f-3a8043b21b5a",
            "isHook": false,
            "skipped": false
          },
          {
            "title": "输入距现在2周到3周的时间戳应返回2周前",
            "fullTitle": "timeTrans测试 输入距现在2周到3周的时间戳应返回2周前",
            "timedOut": false,
            "duration": 0,
            "state": "passed",
            "speed": "fast",
            "pass": true,
            "fail": false,
            "pending": false,
            "code": "var time = new Date().getTime() - 2*7*24*60*60*1000;\nvar result = timeTrans(time);\nexpect(result).to.be.equal('2周前');",
            "err": {},
            "isRoot": false,
            "uuid": "13a7c3c6-b5be-4cd2-8ccd-536e026574cd",
            "isHook": false,
            "skipped": false
          },
          {
            "title": "输入距现在2月到3月的时间戳应返回2月前",
            "fullTitle": "timeTrans测试 输入距现在2月到3月的时间戳应返回2月前",
            "timedOut": false,
            "duration": 0,
            "state": "passed",
            "speed": "fast",
            "pass": true,
            "fail": false,
            "pending": false,
            "code": "var time = new Date().getTime() - 2*30*24*60*60*1000;\nvar result = timeTrans(time);\nexpect(result).to.be.equal('2月前');",
            "err": {},
            "isRoot": false,
            "uuid": "6951ea45-2c6e-490f-af42-bed1d2283e79",
            "isHook": false,
            "skipped": false
          },
          {
            "title": "输入距现在一年前的时间戳应返回时间戳表示的日期",
            "fullTitle": "timeTrans测试 输入距现在一年前的时间戳应返回时间戳表示的日期",
            "timedOut": false,
            "duration": 0,
            "state": "passed",
            "speed": "fast",
            "pass": true,
            "fail": false,
            "pending": false,
            "code": "var time = new Date().getTime() - 13*30*7*24*60*60*1000;\nvar result = timeTrans(time);\nvar date = new Date(time);\nvar expectResult = date.getFullYear() + \"/\" + date.getMonth() + \"/\" + date.getDate();\nexpect(result).to.be.equal(expectResult);",
            "err": {},
            "isRoot": false,
            "uuid": "5723002b-74fc-4700-b409-79d2602ff45d",
            "isHook": false,
            "skipped": false
          }
        ],
        "suites": [],
        "passes": [
          "cb17982d-fac0-4d4a-8390-55ed3600d111",
          "4291d18c-bd96-4dbe-9d30-3e720a9f92f9",
          "75edd8c6-cebc-4bd5-8d16-a53bc2124e95",
          "404adccc-785b-4caf-9f0f-3a8043b21b5a",
          "13a7c3c6-b5be-4cd2-8ccd-536e026574cd",
          "6951ea45-2c6e-490f-af42-bed1d2283e79",
          "5723002b-74fc-4700-b409-79d2602ff45d"
        ],
        "failures": [],
        "pending": [],
        "skipped": [],
        "duration": 0,
        "root": false,
        "rootEmpty": false,
        "_timeout": 10000
      }
    ],
    "passes": [],
    "failures": [],
    "pending": [],
    "skipped": [],
    "duration": 0,
    "root": true,
    "rootEmpty": true,
    "_timeout": 10000
  },
  "copyrightYear": 2019
}