{
  "stats": {
    "suites": 5,
    "tests": 8,
    "passes": 8,
    "pending": 0,
    "failures": 0,
    "start": "2019-01-08T10:35:13.852Z",
    "end": "2019-01-08T10:35:14.427Z",
    "duration": 575,
    "testsRegistered": 8,
    "passPercent": 100,
    "pendingPercent": 0,
    "other": 0,
    "hasOther": false,
    "skipped": 0,
    "hasSkipped": false,
    "passPercentClass": "success",
    "pendingPercentClass": "danger"
  },
  "suites": {
    "uuid": "e8d12190-81c9-4213-8937-a3b192e2afcb",
    "title": "",
    "fullFile": "",
    "file": "",
    "beforeHooks": [],
    "afterHooks": [],
    "tests": [],
    "suites": [
      {
        "uuid": "b3b29ec7-4dc8-43cb-866c-762e1f226717",
        "title": "数据库连接测试",
        "fullFile": "D:\\软件测试\\期末项目\\timeline-software-testing\\timeline-backend\\test\\mysql.test.js",
        "file": "\\test\\mysql.test.js",
        "beforeHooks": [],
        "afterHooks": [],
        "tests": [
          {
            "title": "数据库配置应该不为空",
            "fullTitle": "数据库连接测试 数据库配置应该不为空",
            "timedOut": false,
            "duration": 0,
            "state": "passed",
            "speed": "fast",
            "pass": true,
            "fail": false,
            "pending": false,
            "code": "expect(connectionInfo).to.not.be.null;",
            "err": {},
            "isRoot": false,
            "uuid": "95f755bf-cca2-49a0-9b55-dc256d5a7160",
            "isHook": false,
            "skipped": false
          }
        ],
        "suites": [],
        "passes": [
          "95f755bf-cca2-49a0-9b55-dc256d5a7160"
        ],
        "failures": [],
        "pending": [],
        "skipped": [],
        "duration": 0,
        "root": false,
        "rootEmpty": false,
        "_timeout": 2000
      },
      {
        "uuid": "e3e8cb3e-547b-4d10-b32d-6eec19049c1c",
        "title": "注册接口测试",
        "fullFile": "D:\\软件测试\\期末项目\\timeline-software-testing\\timeline-backend\\test\\timeline.test.js",
        "file": "\\test\\timeline.test.js",
        "beforeHooks": [],
        "afterHooks": [],
        "tests": [
          {
            "title": "数据库中插入成功后应返回code000",
            "fullTitle": "注册接口测试 数据库中插入成功后应返回code000",
            "timedOut": false,
            "duration": 281,
            "state": "passed",
            "speed": "slow",
            "pass": true,
            "fail": false,
            "pending": false,
            "code": "var registerInfo = {\n    password : 123\n};\nregisterInfo.username = new Date().getTime();\nrequest(app)\n    .post('/register')\n    .send(registerInfo)\n    .end(function (err, res) {\n        if(err) return done(err);\n        expect(res.body.code).to.equal('000');\n        done();\n    });",
            "err": {},
            "isRoot": false,
            "uuid": "7521941f-c338-419b-9be5-1d6020997145",
            "isHook": false,
            "skipped": false
          },
          {
            "title": "数据库中插入失败后应返回code001",
            "fullTitle": "注册接口测试 数据库中插入失败后应返回code001",
            "timedOut": false,
            "duration": 31,
            "state": "passed",
            "speed": "fast",
            "pass": true,
            "fail": false,
            "pending": false,
            "code": "var registerInfo = {\n    password : 123\n};\nregisterInfo.username = new Date().getTime();\nrequest(app)\n    .post('/register')\n    .send(registerInfo)\n    .then(function () {\n        request(app)\n            .post('/register')\n            .send(registerInfo)\n            .end(function (err, res) {\n                if(err) return done(err);\n                expect(res.body.code).to.equal('001');\n                done();\n            });\n    })",
            "err": {},
            "isRoot": false,
            "uuid": "d3f5d306-c0a4-45da-bc3e-a2fcaeca9ba6",
            "isHook": false,
            "skipped": false
          }
        ],
        "suites": [],
        "passes": [
          "7521941f-c338-419b-9be5-1d6020997145",
          "d3f5d306-c0a4-45da-bc3e-a2fcaeca9ba6"
        ],
        "failures": [],
        "pending": [],
        "skipped": [],
        "duration": 312,
        "root": false,
        "rootEmpty": false,
        "_timeout": 2000
      },
      {
        "uuid": "b07d1d8b-0480-40be-90f1-7ce341e8a6ce",
        "title": "登录接口测试",
        "fullFile": "D:\\软件测试\\期末项目\\timeline-software-testing\\timeline-backend\\test\\timeline.test.js",
        "file": "\\test\\timeline.test.js",
        "beforeHooks": [],
        "afterHooks": [],
        "tests": [
          {
            "title": "账户存在时返回code000且res为一个包含密码的数组",
            "fullTitle": "登录接口测试 账户存在时返回code000且res为一个包含密码的数组",
            "timedOut": false,
            "duration": 43,
            "state": "passed",
            "speed": "medium",
            "pass": true,
            "fail": false,
            "pending": false,
            "code": "var registerInfo = {\n    password : 123\n};\nvar username = new Date().getTime();\nregisterInfo.username = username;\nrequest(app)\n    .post('/register')\n    .send(registerInfo)\n    .then(function () {\n        request(app)\n            .get('/login?username='+username)\n            .end(function (err, res) {\n                if(err) return done(err);\n                expect(res.body.code).to.equal('000');\n                expect(res.body.res).to.have.length(1);\n                expect(res.body.res[0].password).to.equal('123');\n                done();\n            });\n    })",
            "err": {},
            "isRoot": false,
            "uuid": "8d66fa2a-1ad4-4387-8c04-e95c3bb9f843",
            "isHook": false,
            "skipped": false
          },
          {
            "title": "账户不存在时返回code000且res为一个空数组",
            "fullTitle": "登录接口测试 账户不存在时返回code000且res为一个空数组",
            "timedOut": false,
            "duration": 16,
            "state": "passed",
            "speed": "fast",
            "pass": true,
            "fail": false,
            "pending": false,
            "code": "request(app)\n    .get('/login?username='+new Date().getTime())\n    .end(function (err, res) {\n        if(err) return done(err);\n        expect(res.body.code).to.equal('000');\n        expect(res.body.res).to.have.length(0);\n        done();\n    });",
            "err": {},
            "isRoot": false,
            "uuid": "84eeddc5-a8ea-4664-b4bc-2d88922d96a8",
            "isHook": false,
            "skipped": false
          }
        ],
        "suites": [],
        "passes": [
          "8d66fa2a-1ad4-4387-8c04-e95c3bb9f843",
          "84eeddc5-a8ea-4664-b4bc-2d88922d96a8"
        ],
        "failures": [],
        "pending": [],
        "skipped": [],
        "duration": 59,
        "root": false,
        "rootEmpty": false,
        "_timeout": 2000
      },
      {
        "uuid": "b43519ae-f1ff-4341-95d6-b67de69843d6",
        "title": "发布接口测试",
        "fullFile": "D:\\软件测试\\期末项目\\timeline-software-testing\\timeline-backend\\test\\timeline.test.js",
        "file": "\\test\\timeline.test.js",
        "beforeHooks": [],
        "afterHooks": [],
        "tests": [
          {
            "title": "无参数picture时应正常处理并返回code000",
            "fullTitle": "发布接口测试 无参数picture时应正常处理并返回code000",
            "timedOut": false,
            "duration": 78,
            "state": "passed",
            "speed": "slow",
            "pass": true,
            "fail": false,
            "pending": false,
            "code": "request(app)\n    .post('/publish')\n    .field('username', new Date().getTime())\n    .field('content', '无参数picture时应正常处理并返回000')\n    .end(function (err, res) {\n        if(err) return done(err);\n        expect(res.body.code).to.equal('000');\n        done();\n    })",
            "err": {},
            "isRoot": false,
            "uuid": "6cb20bbf-3ae8-48c3-9a72-3df109e38ed5",
            "isHook": false,
            "skipped": false
          },
          {
            "title": "带文件picture时应正常处理并返回code000",
            "fullTitle": "发布接口测试 带文件picture时应正常处理并返回code000",
            "timedOut": false,
            "duration": 62,
            "state": "passed",
            "speed": "medium",
            "pass": true,
            "fail": false,
            "pending": false,
            "code": "request(app)\n    .post('/publish')\n    .field('username', new Date().getTime())\n    .field('content', '带文件picture时应正常处理并返回000')\n    .attach('picture', 'C:\\\\Users\\\\hasee\\\\Pictures\\\\Uplay\\\\Tom Clancy\\'s Rainbow Six® Siege\\\\Tom Clancy\\'s Rainbow Six® Siege2017-9-15-21-8-56.jpg')\n    .end(function (err, res) {\n        if(err) return done(err);\n        expect(res.body.code).to.equal('000');\n        done();\n    })",
            "err": {},
            "isRoot": false,
            "uuid": "6b82e30c-77d3-4e61-952e-a2350fffb71b",
            "isHook": false,
            "skipped": false
          }
        ],
        "suites": [],
        "passes": [
          "6cb20bbf-3ae8-48c3-9a72-3df109e38ed5",
          "6b82e30c-77d3-4e61-952e-a2350fffb71b"
        ],
        "failures": [],
        "pending": [],
        "skipped": [],
        "duration": 140,
        "root": false,
        "rootEmpty": false,
        "_timeout": 2000
      },
      {
        "uuid": "12e8e227-3518-4a05-9ab8-7974f6bf8bff",
        "title": "获取消息接口测试",
        "fullFile": "D:\\软件测试\\期末项目\\timeline-software-testing\\timeline-backend\\test\\timeline.test.js",
        "file": "\\test\\timeline.test.js",
        "beforeHooks": [],
        "afterHooks": [],
        "tests": [
          {
            "title": "应返回code000及大小大于0的数组res",
            "fullTitle": "获取消息接口测试 应返回code000及大小大于0的数组res",
            "timedOut": false,
            "duration": 32,
            "state": "passed",
            "speed": "fast",
            "pass": true,
            "fail": false,
            "pending": false,
            "code": "request(app)\n    .get('/messages')\n    .end(function (err, res) {\n        if(err) return done(err);\n        expect(res.body.code).to.equal('000');\n        expect(res.body.res.length).to.be.above(0);\n        done();\n    })",
            "err": {},
            "isRoot": false,
            "uuid": "1071a0f1-9e8b-4ab4-a0b6-25651121c1be",
            "isHook": false,
            "skipped": false
          }
        ],
        "suites": [],
        "passes": [
          "1071a0f1-9e8b-4ab4-a0b6-25651121c1be"
        ],
        "failures": [],
        "pending": [],
        "skipped": [],
        "duration": 32,
        "root": false,
        "rootEmpty": false,
        "_timeout": 2000
      }
    ],
    "passes": [],
    "failures": [],
    "pending": [],
    "skipped": [],
    "duration": 0,
    "root": true,
    "rootEmpty": true,
    "_timeout": 2000
  },
  "copyrightYear": 2019
}